
> stria-icons@0.1.0 build C:\Users\dyzulk\Documents\twinpath\icons\packages\stria-icons
> node ../../scripts/optimize-svg.mjs && node ../../scripts/build-webfonts.mjs && node ../../scripts/build-core.mjs

Optimizing SVGs...
Optimizing 2425 icons in style: solid
Optimizing 2425 icons in style: regular
Optimizing 2425 icons in style: light
Optimizing 2425 icons in style: thin
Optimizing 2425 icons in style: duotone
Optimizing 453 icons in style: brands
SVG Optimization complete.
Building webfonts from optimized SVGs...
Generating webfont for style: solid...
Error generating webfont for style "solid": No SVGs found in C:/Users/dyzulk/Documents/twinpath/icons/packages/stria-icons/dist/svg/solid
Generating webfont for style: regular...
Error generating webfont for style "regular": No SVGs found in C:/Users/dyzulk/Documents/twinpath/icons/packages/stria-icons/dist/svg/regular
Generating webfont for style: light...
Error generating webfont for style "light": No SVGs found in C:/Users/dyzulk/Documents/twinpath/icons/packages/stria-icons/dist/svg/light
Generating webfont for style: thin...
Error generating webfont for style "thin": No SVGs found in C:/Users/dyzulk/Documents/twinpath/icons/packages/stria-icons/dist/svg/thin
Generating webfont for style: brands...
Error generating webfont for style "brands": No SVGs found in C:/Users/dyzulk/Documents/twinpath/icons/packages/stria-icons/dist/svg/brands
Webfont build complete.
Building core packages/stria-icons...
Generating SVG sprite sheets...
Generating CSS stylesheets...
Generating SCSS templates...
Generating Less templates...
Generating per-style JS bundles...
Generating v4-shims...
Generating ESM, CJS, and TypeScript declarations...
Core build complete. Total icon entries across all styles: 12578
